  [4;36;1mSQL (0.039537)[0m   [0;1mselect sqlite_version(*)[0m
  [4;35;1mSQL (0.003334)[0m   [0mCREATE TABLE schema_info (version integer)[0m
  [4;36;1mSQL (0.002621)[0m   [0;1mINSERT INTO schema_info (version) VALUES(0)[0m
  [4;35;1mSQL (0.000000)[0m   [0mSQLite3::SQLException: table schema_info already exists: CREATE TABLE schema_info (version integer)[0m
  [4;36;1mSQL (0.000302)[0m   [0;1mSELECT version FROM schema_info[0m
Migrating to PicturesTable (1)
  [4;35;1mSQL (0.002464)[0m   [0mCREATE TABLE pictures ("id" INTEGER PRIMARY KEY AUTOINCREMENT NOT NULL, "fb_user_id" integer DEFAULT NULL, "filename" varchar(255) DEFAULT NULL, "created_at" datetime DEFAULT NULL, "updated_at" datetime DEFAULT NULL) [0m
  [4;36;1mSQL (0.002571)[0m   [0;1mUPDATE schema_info SET version = 1[0m
  [4;35;1mSQL (0.000352)[0m   [0mSELECT * FROM schema_info[0m
  [4;36;1mSQL (0.000352)[0m   [0;1m SELECT name
 FROM sqlite_master
 WHERE type = 'table' AND NOT name = 'sqlite_sequence'
[0m
  [4;35;1mSQL (0.000100)[0m   [0mPRAGMA index_list(pictures)[0m


Processing PicturesController#index (for 127.0.0.1 at 2008-04-08 20:46:53) [GET]
  Session ID: dd59eb3ed3b6fe388f610f698c23415d
  Parameters: {"action"=>"index", "controller"=>"pictures"}


Facebooker::Session::ConfigurationMissing (Could not find configuration information for api):
    /vendor/plugins/facebooker/lib/facebooker/session.rb:437:in `report_inability_to_find_key'
    /vendor/plugins/facebooker/lib/facebooker/session.rb:67:in `api_key'
    /vendor/plugins/facebooker/lib/facebooker/rails/controller.rb:67:in `new_facebook_session'
    /vendor/plugins/facebooker/lib/facebooker/rails/controller.rb:61:in `create_new_facebook_session_and_redirect!'
    /vendor/plugins/facebooker/lib/facebooker/rails/controller.rb:149:in `ensure_authenticated_to_facebook'
    /vendor/plugins/facebooker/lib/facebooker/rails/controller.rb:154:in `ensure_application_is_installed_by_facebook_user'
    /usr/local/lib/ruby/gems/1.8/gems/actionpack-2.0.2/lib/action_controller/filters.rb:469:in `send!'
    /usr/local/lib/ruby/gems/1.8/gems/actionpack-2.0.2/lib/action_controller/filters.rb:469:in `call'
    /usr/local/lib/ruby/gems/1.8/gems/actionpack-2.0.2/lib/action_controller/filters.rb:441:in `run'
    /usr/local/lib/ruby/gems/1.8/gems/actionpack-2.0.2/lib/action_controller/filters.rb:716:in `run_before_filters'
    /usr/local/lib/ruby/gems/1.8/gems/actionpack-2.0.2/lib/action_controller/filters.rb:695:in `call_filters'
    /usr/local/lib/ruby/gems/1.8/gems/actionpack-2.0.2/lib/action_controller/filters.rb:689:in `perform_action_without_benchmark'
    /usr/local/lib/ruby/gems/1.8/gems/actionpack-2.0.2/lib/action_controller/benchmarking.rb:68:in `perform_action_without_rescue'
    /usr/local/lib/ruby/1.8/benchmark.rb:293:in `measure'
    /usr/local/lib/ruby/gems/1.8/gems/actionpack-2.0.2/lib/action_controller/benchmarking.rb:68:in `perform_action_without_rescue'
    /usr/local/lib/ruby/gems/1.8/gems/actionpack-2.0.2/lib/action_controller/rescue.rb:199:in `perform_action_without_caching'
    /usr/local/lib/ruby/gems/1.8/gems/actionpack-2.0.2/lib/action_controller/caching.rb:678:in `perform_action'
    /usr/local/lib/ruby/gems/1.8/gems/activerecord-2.0.2/lib/active_record/connection_adapters/abstract/query_cache.rb:33:in `cache'
    /usr/local/lib/ruby/gems/1.8/gems/activerecord-2.0.2/lib/active_record/query_cache.rb:8:in `cache'
    /usr/local/lib/ruby/gems/1.8/gems/actionpack-2.0.2/lib/action_controller/caching.rb:677:in `perform_action'
    /usr/local/lib/ruby/gems/1.8/gems/actionpack-2.0.2/lib/action_controller/base.rb:524:in `send'
    /usr/local/lib/ruby/gems/1.8/gems/actionpack-2.0.2/lib/action_controller/base.rb:524:in `process_without_filters'
    /usr/local/lib/ruby/gems/1.8/gems/actionpack-2.0.2/lib/action_controller/filters.rb:685:in `process_without_session_management_support'
    /usr/local/lib/ruby/gems/1.8/gems/actionpack-2.0.2/lib/action_controller/session_management.rb:123:in `process'
    /usr/local/lib/ruby/gems/1.8/gems/actionpack-2.0.2/lib/action_controller/base.rb:388:in `process'
    /usr/local/lib/ruby/gems/1.8/gems/actionpack-2.0.2/lib/action_controller/dispatcher.rb:171:in `handle_request'
    /usr/local/lib/ruby/gems/1.8/gems/actionpack-2.0.2/lib/action_controller/dispatcher.rb:115:in `dispatch'
    /usr/local/lib/ruby/gems/1.8/gems/actionpack-2.0.2/lib/action_controller/dispatcher.rb:126:in `dispatch_cgi'
    /usr/local/lib/ruby/gems/1.8/gems/actionpack-2.0.2/lib/action_controller/dispatcher.rb:9:in `dispatch'
    /usr/local/lib/ruby/gems/1.8/gems/mongrel-1.1.3/bin/../lib/mongrel/rails.rb:76:in `process'
    /usr/local/lib/ruby/gems/1.8/gems/mongrel-1.1.3/bin/../lib/mongrel/rails.rb:74:in `synchronize'
    /usr/local/lib/ruby/gems/1.8/gems/mongrel-1.1.3/bin/../lib/mongrel/rails.rb:74:in `process'
    /usr/local/lib/ruby/gems/1.8/gems/mongrel-1.1.3/lib/mongrel.rb:159:in `process_client'
    /usr/local/lib/ruby/gems/1.8/gems/mongrel-1.1.3/lib/mongrel.rb:158:in `each'
    /usr/local/lib/ruby/gems/1.8/gems/mongrel-1.1.3/lib/mongrel.rb:158:in `process_client'
    /usr/local/lib/ruby/gems/1.8/gems/mongrel-1.1.3/lib/mongrel.rb:285:in `run'
    /usr/local/lib/ruby/gems/1.8/gems/mongrel-1.1.3/lib/mongrel.rb:285:in `initialize'
    /usr/local/lib/ruby/gems/1.8/gems/mongrel-1.1.3/lib/mongrel.rb:285:in `new'
    /usr/local/lib/ruby/gems/1.8/gems/mongrel-1.1.3/lib/mongrel.rb:285:in `run'
    /usr/local/lib/ruby/gems/1.8/gems/mongrel-1.1.3/lib/mongrel.rb:268:in `initialize'
    /usr/local/lib/ruby/gems/1.8/gems/mongrel-1.1.3/lib/mongrel.rb:268:in `new'
    /usr/local/lib/ruby/gems/1.8/gems/mongrel-1.1.3/lib/mongrel.rb:268:in `run'
    /usr/local/lib/ruby/gems/1.8/gems/mongrel-1.1.3/lib/mongrel/configurator.rb:282:in `run'
    /usr/local/lib/ruby/gems/1.8/gems/mongrel-1.1.3/lib/mongrel/configurator.rb:281:in `each'
    /usr/local/lib/ruby/gems/1.8/gems/mongrel-1.1.3/lib/mongrel/configurator.rb:281:in `run'
    /usr/local/lib/ruby/gems/1.8/gems/mongrel-1.1.3/bin/mongrel_rails:128:in `run'
    /usr/local/lib/ruby/gems/1.8/gems/mongrel-1.1.3/lib/mongrel/command.rb:212:in `run'
    /usr/local/lib/ruby/gems/1.8/gems/mongrel-1.1.3/bin/mongrel_rails:281
    /usr/local/lib/ruby/gems/1.8/gems/activesupport-2.0.2/lib/active_support/dependencies.rb:489:in `load'
    /usr/local/lib/ruby/gems/1.8/gems/activesupport-2.0.2/lib/active_support/dependencies.rb:489:in `load'
    /usr/local/lib/ruby/gems/1.8/gems/activesupport-2.0.2/lib/active_support/dependencies.rb:342:in `new_constants_in'
    /usr/local/lib/ruby/gems/1.8/gems/activesupport-2.0.2/lib/active_support/dependencies.rb:489:in `load'
    /usr/local/lib/ruby/gems/1.8/gems/rails-2.0.2/lib/commands/servers/mongrel.rb:64
    /usr/local/lib/ruby/site_ruby/1.8/rubygems/custom_require.rb:27:in `gem_original_require'
    /usr/local/lib/ruby/site_ruby/1.8/rubygems/custom_require.rb:27:in `require'
    /usr/local/lib/ruby/gems/1.8/gems/activesupport-2.0.2/lib/active_support/dependencies.rb:496:in `require'
    /usr/local/lib/ruby/gems/1.8/gems/activesupport-2.0.2/lib/active_support/dependencies.rb:342:in `new_constants_in'
    /usr/local/lib/ruby/gems/1.8/gems/activesupport-2.0.2/lib/active_support/dependencies.rb:496:in `require'
    /usr/local/lib/ruby/gems/1.8/gems/rails-2.0.2/lib/commands/server.rb:39
    /usr/local/lib/ruby/site_ruby/1.8/rubygems/custom_require.rb:27:in `gem_original_require'
    /usr/local/lib/ruby/site_ruby/1.8/rubygems/custom_require.rb:27:in `require'
    ./script/server:3

Rendering /usr/local/lib/ruby/gems/1.8/gems/actionpack-2.0.2/lib/action_controller/templates/rescues/layout.erb (internal_server_error)


Processing PicturesController#index (for 127.0.0.1 at 2008-04-08 20:47:56) [GET]
  Session ID: BAh7BiIKZmxhc2hJQzonQWN0aW9uQ29udHJvbGxlcjo6Rmxhc2g6OkZsYXNo%0ASGFzaHsABjoKQHVzZWR7AA%3D%3D--96d9fa35db3f6b44f6a296bdf9be93859fa8d596
  Parameters: {"action"=>"index", "controller"=>"pictures"}
Redirected to http://www.facebook.com/install.php?api_key=c1ab95278cb7c018db29315af1c2a8f8&v=1.0
Filter chain halted as [#<ActionController::Filters::ClassMethods::SymbolFilter:0x24cd798 @filter=:ensure_application_is_installed_by_facebook_user>] rendered_or_redirected.
Completed in 0.00036 (2777 reqs/sec) | DB: 0.00000 (0%) | 302 Found [http://localhost/]


Processing PicturesController#index (for 127.0.0.1 at 2008-04-08 20:53:39) [GET]
  Session ID: BAh7BzoVZmFjZWJvb2tfc2Vzc2lvblU6GEZhY2Vib29rZXI6OlNlc3Npb25b%0ADDAwMDAwIiVjMWFiOTUyNzhjYjdjMDE4ZGIyOTMxNWFmMWMyYThmOCIlYzkw%0AMWI4OGFiYjdkMDczOGQ1MzhkNGM3OTM0ZGI4MTEiCmZsYXNoSUM6J0FjdGlv%0AbkNvbnRyb2xsZXI6OkZsYXNoOjpGbGFzaEhhc2h7AAY6CkB1c2VkewA%3D--121472881100f2dfa56eca1c379ded3be60e7b4a
  Parameters: {"action"=>"index", "controller"=>"pictures"}
Redirected to http://www.facebook.com/install.php?api_key=c1ab95278cb7c018db29315af1c2a8f8&v=1.0
Filter chain halted as [#<ActionController::Filters::ClassMethods::SymbolFilter:0x2422640 @filter=:ensure_application_is_installed_by_facebook_user>] rendered_or_redirected.
Completed in 0.00027 (3731 reqs/sec) | DB: 0.00000 (0%) | 302 Found [http://localhost/]


Processing PicturesController#index (for 127.0.0.1 at 2008-04-08 21:29:20) [GET]
  Session ID: BAh7BzoVZmFjZWJvb2tfc2Vzc2lvblU6GEZhY2Vib29rZXI6OlNlc3Npb25b%0ADDAwMDAwIiVjMWFiOTUyNzhjYjdjMDE4ZGIyOTMxNWFmMWMyYThmOCIlYzkw%0AMWI4OGFiYjdkMDczOGQ1MzhkNGM3OTM0ZGI4MTEiCmZsYXNoSUM6J0FjdGlv%0AbkNvbnRyb2xsZXI6OkZsYXNoOjpGbGFzaEhhc2h7AAY6CkB1c2VkewA%3D--121472881100f2dfa56eca1c379ded3be60e7b4a
  Parameters: {"action"=>"index", "controller"=>"pictures"}
Redirected to http://www.facebook.com/install.php?api_key=c1ab95278cb7c018db29315af1c2a8f8&v=1.0
Filter chain halted as [#<ActionController::Filters::ClassMethods::SymbolFilter:0x2848e7c @filter=:ensure_application_is_installed_by_facebook_user>] rendered_or_redirected.
Completed in 0.00029 (3460 reqs/sec) | DB: 0.00000 (0%) | 302 Found [http://localhost/]


Processing PicturesController#index (for 127.0.0.1 at 2008-04-08 21:30:01) [GET]
  Session ID: BAh7BzoVZmFjZWJvb2tfc2Vzc2lvblU6GEZhY2Vib29rZXI6OlNlc3Npb25b%0ADDAwMDAwIiVjMWFiOTUyNzhjYjdjMDE4ZGIyOTMxNWFmMWMyYThmOCIlYzkw%0AMWI4OGFiYjdkMDczOGQ1MzhkNGM3OTM0ZGI4MTEiCmZsYXNoSUM6J0FjdGlv%0AbkNvbnRyb2xsZXI6OkZsYXNoOjpGbGFzaEhhc2h7AAY6CkB1c2VkewA%3D--121472881100f2dfa56eca1c379ded3be60e7b4a
  Parameters: {"action"=>"index", "controller"=>"pictures"}
Redirected to http://www.facebook.com/install.php?api_key=c1ab95278cb7c018db29315af1c2a8f8&v=1.0
Filter chain halted as [#<ActionController::Filters::ClassMethods::SymbolFilter:0x2815144 @filter=:ensure_application_is_installed_by_facebook_user>] rendered_or_redirected.
Completed in 0.00026 (3816 reqs/sec) | DB: 0.00000 (0%) | 302 Found [http://localhost/]
